MSP430 Assembler PC v21.6.0 Fri Apr 29 10:49:17 2022

Copyright (c) 2003-2018 Texas Instruments Incorporated
MP_5-2_Template.asm                                                  PAGE    1

       1            ;******************************************************************************
       2            ;* MSP430 G3 C/C++ Codegen                                              PC v21.6.0.LTS *
       3            ;* Date/Time created: Fri Apr 29 10:49:16 2022                                *
       4            ;******************************************************************************
       5                    .compiler_opts --abi=eabi --diag_wrap=off --hll_source=on --mem_model:code=large --mem_model:d
       6            
       7            $C$DW$CU        .dwtag  DW_TAG_compile_unit
       8                    .dwattr $C$DW$CU, DW_AT_name("../src/MP_5-2_Template.c")
       9                    .dwattr $C$DW$CU, DW_AT_producer("TI MSP430 G3 C/C++ Codegen PC v21.6.0.LTS Copyright (c) 2003
      10                    .dwattr $C$DW$CU, DW_AT_TI_version(0x01)
      11                    .dwattr $C$DW$CU, DW_AT_comp_dir("D:\OneDrive - HESSO\COURS\MICROPROCESSEURS\TP\CodeComposerSt
      12            ;       Interrupt vector table mappings
      13 000000               .intvec ".int39",       Port_1_isr
         000000       
      14            $C$DW$1 .dwtag  DW_TAG_variable
      15                    .dwattr $C$DW$1, DW_AT_name("PM5CTL0")
      16                    .dwattr $C$DW$1, DW_AT_TI_symbol_name("PM5CTL0")
      17                    .dwattr $C$DW$1, DW_AT_type(*$C$DW$T$25)
      18                    .dwattr $C$DW$1, DW_AT_declaration
      19                    .dwattr $C$DW$1, DW_AT_external
      20                    .dwattr $C$DW$1, DW_AT_decl_file("C:\ti\ccs1110\ccs\ccs_base\msp430\include\msp430fr5969.h")
      21                    .dwattr $C$DW$1, DW_AT_decl_line(0x9d0)
      22                    .dwattr $C$DW$1, DW_AT_decl_column(0x01)
      23            
      24            $C$DW$2 .dwtag  DW_TAG_variable
      25                    .dwattr $C$DW$2, DW_AT_name("PAOUT")
      26                    .dwattr $C$DW$2, DW_AT_TI_symbol_name("PAOUT")
      27                    .dwattr $C$DW$2, DW_AT_type(*$C$DW$T$25)
      28                    .dwattr $C$DW$2, DW_AT_declaration
      29                    .dwattr $C$DW$2, DW_AT_external
      30                    .dwattr $C$DW$2, DW_AT_decl_file("C:\ti\ccs1110\ccs\ccs_base\msp430\include\msp430fr5969.h")
      31                    .dwattr $C$DW$2, DW_AT_decl_line(0xa10)
      32                    .dwattr $C$DW$2, DW_AT_decl_column(0x01)
      33            
      34            $C$DW$3 .dwtag  DW_TAG_variable
      35                    .dwattr $C$DW$3, DW_AT_name("PAOUT_L")
      36                    .dwattr $C$DW$3, DW_AT_TI_symbol_name("PAOUT_L")
      37                    .dwattr $C$DW$3, DW_AT_type(*$C$DW$T$23)
      38                    .dwattr $C$DW$3, DW_AT_declaration
      39                    .dwattr $C$DW$3, DW_AT_external
      40                    .dwattr $C$DW$3, DW_AT_decl_file("C:\ti\ccs1110\ccs\ccs_base\msp430\include\msp430fr5969.h")
      41                    .dwattr $C$DW$3, DW_AT_decl_line(0xa11)
      42                    .dwattr $C$DW$3, DW_AT_decl_column(0x01)
      43            
      44            $C$DW$4 .dwtag  DW_TAG_variable
      45                    .dwattr $C$DW$4, DW_AT_name("PADIR")
      46                    .dwattr $C$DW$4, DW_AT_TI_symbol_name("PADIR")
      47                    .dwattr $C$DW$4, DW_AT_type(*$C$DW$T$25)
      48                    .dwattr $C$DW$4, DW_AT_declaration
      49                    .dwattr $C$DW$4, DW_AT_external
      50                    .dwattr $C$DW$4, DW_AT_decl_file("C:\ti\ccs1110\ccs\ccs_base\msp430\include\msp430fr5969.h")
      51                    .dwattr $C$DW$4, DW_AT_decl_line(0xa13)
      52                    .dwattr $C$DW$4, DW_AT_decl_column(0x01)
      53            
      54            $C$DW$5 .dwtag  DW_TAG_variable
MSP430 Assembler PC v21.6.0 Fri Apr 29 10:49:17 2022

Copyright (c) 2003-2018 Texas Instruments Incorporated
MP_5-2_Template.asm                                                  PAGE    2

      55                    .dwattr $C$DW$5, DW_AT_name("PADIR_L")
      56                    .dwattr $C$DW$5, DW_AT_TI_symbol_name("PADIR_L")
      57                    .dwattr $C$DW$5, DW_AT_type(*$C$DW$T$23)
      58                    .dwattr $C$DW$5, DW_AT_declaration
      59                    .dwattr $C$DW$5, DW_AT_external
      60                    .dwattr $C$DW$5, DW_AT_decl_file("C:\ti\ccs1110\ccs\ccs_base\msp430\include\msp430fr5969.h")
      61                    .dwattr $C$DW$5, DW_AT_decl_line(0xa14)
      62                    .dwattr $C$DW$5, DW_AT_decl_column(0x01)
      63            
      64            $C$DW$6 .dwtag  DW_TAG_variable
      65                    .dwattr $C$DW$6, DW_AT_name("PAREN_L")
      66                    .dwattr $C$DW$6, DW_AT_TI_symbol_name("PAREN_L")
      67                    .dwattr $C$DW$6, DW_AT_type(*$C$DW$T$23)
      68                    .dwattr $C$DW$6, DW_AT_declaration
      69                    .dwattr $C$DW$6, DW_AT_external
      70                    .dwattr $C$DW$6, DW_AT_decl_file("C:\ti\ccs1110\ccs\ccs_base\msp430\include\msp430fr5969.h")
      71                    .dwattr $C$DW$6, DW_AT_decl_line(0xa17)
      72                    .dwattr $C$DW$6, DW_AT_decl_column(0x01)
      73            
      74            $C$DW$7 .dwtag  DW_TAG_variable
      75                    .dwattr $C$DW$7, DW_AT_name("PAIES_L")
      76                    .dwattr $C$DW$7, DW_AT_TI_symbol_name("PAIES_L")
      77                    .dwattr $C$DW$7, DW_AT_type(*$C$DW$T$23)
      78                    .dwattr $C$DW$7, DW_AT_declaration
      79                    .dwattr $C$DW$7, DW_AT_external
      80                    .dwattr $C$DW$7, DW_AT_decl_file("C:\ti\ccs1110\ccs\ccs_base\msp430\include\msp430fr5969.h")
      81                    .dwattr $C$DW$7, DW_AT_decl_line(0xa23)
      82                    .dwattr $C$DW$7, DW_AT_decl_column(0x01)
      83            
      84            $C$DW$8 .dwtag  DW_TAG_variable
      85                    .dwattr $C$DW$8, DW_AT_name("PAIE_L")
      86                    .dwattr $C$DW$8, DW_AT_TI_symbol_name("PAIE_L")
      87                    .dwattr $C$DW$8, DW_AT_type(*$C$DW$T$23)
      88                    .dwattr $C$DW$8, DW_AT_declaration
      89                    .dwattr $C$DW$8, DW_AT_external
      90                    .dwattr $C$DW$8, DW_AT_decl_file("C:\ti\ccs1110\ccs\ccs_base\msp430\include\msp430fr5969.h")
      91                    .dwattr $C$DW$8, DW_AT_decl_line(0xa26)
      92                    .dwattr $C$DW$8, DW_AT_decl_column(0x01)
      93            
      94            $C$DW$9 .dwtag  DW_TAG_variable
      95                    .dwattr $C$DW$9, DW_AT_name("PAIFG_L")
      96                    .dwattr $C$DW$9, DW_AT_TI_symbol_name("PAIFG_L")
      97                    .dwattr $C$DW$9, DW_AT_type(*$C$DW$T$23)
      98                    .dwattr $C$DW$9, DW_AT_declaration
      99                    .dwattr $C$DW$9, DW_AT_external
     100                    .dwattr $C$DW$9, DW_AT_decl_file("C:\ti\ccs1110\ccs\ccs_base\msp430\include\msp430fr5969.h")
     101                    .dwattr $C$DW$9, DW_AT_decl_line(0xa29)
     102                    .dwattr $C$DW$9, DW_AT_decl_column(0x01)
     103            
     104            $C$DW$10        .dwtag  DW_TAG_variable
     105                    .dwattr $C$DW$10, DW_AT_name("PBOUT")
     106                    .dwattr $C$DW$10, DW_AT_TI_symbol_name("PBOUT")
     107                    .dwattr $C$DW$10, DW_AT_type(*$C$DW$T$25)
     108                    .dwattr $C$DW$10, DW_AT_declaration
     109                    .dwattr $C$DW$10, DW_AT_external
MSP430 Assembler PC v21.6.0 Fri Apr 29 10:49:17 2022

Copyright (c) 2003-2018 Texas Instruments Incorporated
MP_5-2_Template.asm                                                  PAGE    3

     110                    .dwattr $C$DW$10, DW_AT_decl_file("C:\ti\ccs1110\ccs\ccs_base\msp430\include\msp430fr5969.h")
     111                    .dwattr $C$DW$10, DW_AT_decl_line(0xa72)
     112                    .dwattr $C$DW$10, DW_AT_decl_column(0x01)
     113            
     114            $C$DW$11        .dwtag  DW_TAG_variable
     115                    .dwattr $C$DW$11, DW_AT_name("PBDIR")
     116                    .dwattr $C$DW$11, DW_AT_TI_symbol_name("PBDIR")
     117                    .dwattr $C$DW$11, DW_AT_type(*$C$DW$T$25)
     118                    .dwattr $C$DW$11, DW_AT_declaration
     119                    .dwattr $C$DW$11, DW_AT_external
     120                    .dwattr $C$DW$11, DW_AT_decl_file("C:\ti\ccs1110\ccs\ccs_base\msp430\include\msp430fr5969.h")
     121                    .dwattr $C$DW$11, DW_AT_decl_line(0xa75)
     122                    .dwattr $C$DW$11, DW_AT_decl_column(0x01)
     123            
     124            $C$DW$12        .dwtag  DW_TAG_variable
     125                    .dwattr $C$DW$12, DW_AT_name("PJOUT")
     126                    .dwattr $C$DW$12, DW_AT_TI_symbol_name("PJOUT")
     127                    .dwattr $C$DW$12, DW_AT_type(*$C$DW$T$25)
     128                    .dwattr $C$DW$12, DW_AT_declaration
     129                    .dwattr $C$DW$12, DW_AT_external
     130                    .dwattr $C$DW$12, DW_AT_decl_file("C:\ti\ccs1110\ccs\ccs_base\msp430\include\msp430fr5969.h")
     131                    .dwattr $C$DW$12, DW_AT_decl_line(0xaca)
     132                    .dwattr $C$DW$12, DW_AT_decl_column(0x01)
     133            
     134            $C$DW$13        .dwtag  DW_TAG_variable
     135                    .dwattr $C$DW$13, DW_AT_name("WDTCTL")
     136                    .dwattr $C$DW$13, DW_AT_TI_symbol_name("WDTCTL")
     137                    .dwattr $C$DW$13, DW_AT_type(*$C$DW$T$25)
     138                    .dwattr $C$DW$13, DW_AT_declaration
     139                    .dwattr $C$DW$13, DW_AT_external
     140                    .dwattr $C$DW$13, DW_AT_decl_file("C:\ti\ccs1110\ccs\ccs_base\msp430\include\msp430fr5969.h")
     141                    .dwattr $C$DW$13, DW_AT_decl_line(0x10d8)
     142                    .dwattr $C$DW$13, DW_AT_decl_column(0x01)
     143            
     144            ;       C:\ti\ccs1110\ccs\tools\compiler\ti-cgt-msp430_21.6.0.LTS\bin\acpia430.exe -@C:\\Users\\gaeta\
     145 000000               .sect   ".text:main"
     146                    .clink
     147                    .global main
     148            
     149            $C$DW$14        .dwtag  DW_TAG_subprogram
     150                    .dwattr $C$DW$14, DW_AT_name("main")
     151                    .dwattr $C$DW$14, DW_AT_low_pc(main)
     152                    .dwattr $C$DW$14, DW_AT_high_pc(0x00)
     153                    .dwattr $C$DW$14, DW_AT_TI_symbol_name("main")
     154                    .dwattr $C$DW$14, DW_AT_external
     155                    .dwattr $C$DW$14, DW_AT_type(*$C$DW$T$10)
     156                    .dwattr $C$DW$14, DW_AT_TI_begin_file("../src/MP_5-2_Template.c")
     157                    .dwattr $C$DW$14, DW_AT_TI_begin_line(0x18)
     158                    .dwattr $C$DW$14, DW_AT_TI_begin_column(0x05)
     159                    .dwattr $C$DW$14, DW_AT_decl_file("../src/MP_5-2_Template.c")
     160                    .dwattr $C$DW$14, DW_AT_decl_line(0x18)
     161                    .dwattr $C$DW$14, DW_AT_decl_column(0x05)
     162                    .dwattr $C$DW$14, DW_AT_TI_max_frame_size(0x04)
     163                    .dwpsn  file "../src/MP_5-2_Template.c",line 25,column 1,is_stmt,address main,isa 0
     164            
MSP430 Assembler PC v21.6.0 Fri Apr 29 10:49:17 2022

Copyright (c) 2003-2018 Texas Instruments Incorporated
MP_5-2_Template.asm                                                  PAGE    4

     165                    .dwfde $C$DW$CIE, main
     166            
     167            ;*****************************************************************************
     168            ;* FUNCTION NAME: main                                                       *
     169            ;*                                                                           *
     170            ;*   Regs Modified     : SP,SR,r15                                           *
     171            ;*   Regs Used         : SP,SR,r15                                           *
     172            ;*   Local Frame Size  : 0 Args + 0 Auto + 0 Save = 0 byte                   *
     173            ;*****************************************************************************
     174 000000       main:
     175            ;* --------------------------------------------------------------------------*
     176                    .dwcfi  cfa_offset, 4
     177                    .dwcfi  save_reg_to_mem, 16, -4
     178                    .dwpsn  file "../src/MP_5-2_Template.c",line 26,column 3,is_stmt,isa 0
     179 000000 40B2          MOV.W     #23168,&WDTCTL+0      ; [] |26| 
         000002 5A80 
         000004 0000!
     180                    .dwpsn  file "../src/MP_5-2_Template.c",line 27,column 3,is_stmt,isa 0
     181 000006 C392          BIC.W     #1,&PM5CTL0+0         ; [] |27| 
         000008 0000!
     182                    .dwpsn  file "../src/MP_5-2_Template.c",line 31,column 3,is_stmt,isa 0
     183 00000a 430F          MOV.W     #0,r15                ; [] |31| 
     184 00000c 4F82          MOV.W     r15,&PJOUT+0          ; [] |31| 
         00000e 0000!
     185 000010 4F82          MOV.W     r15,&PBOUT+0          ; [] |31| 
         000012 0000!
     186 000014 4F82          MOV.W     r15,&PAOUT+0          ; [] |31| 
         000016 0000!
     187                    .dwpsn  file "../src/MP_5-2_Template.c",line 32,column 3,is_stmt,isa 0
     188 000018 4F82          MOV.W     r15,&PBDIR+0          ; [] |32| 
         00001a 0000!
     189 00001c 4F82          MOV.W     r15,&PADIR+0          ; [] |32| 
         00001e 0000!
     190                    .dwpsn  file "../src/MP_5-2_Template.c",line 35,column 3,is_stmt,isa 0
     191 000020 D3D2          OR.B      #1,&PADIR_L+0         ; [] |35| 
         000022 0000!
     192                    .dwpsn  file "../src/MP_5-2_Template.c",line 38,column 3,is_stmt,isa 0
     193 000024 C3E2          BIC.B     #2,&PADIR_L+0         ; [] |38| 
         000026 0000!
     194                    .dwpsn  file "../src/MP_5-2_Template.c",line 39,column 3,is_stmt,isa 0
     195 000028 D3E2          OR.B      #2,&PAREN_L+0         ; [] |39| 
         00002a 0000!
     196                    .dwpsn  file "../src/MP_5-2_Template.c",line 40,column 3,is_stmt,isa 0
     197 00002c D3E2          OR.B      #2,&PAOUT_L+0         ; [] |40| 
         00002e 0000!
     198                    .dwpsn  file "../src/MP_5-2_Template.c",line 43,column 3,is_stmt,isa 0
     199 000030 D3E2          OR.B      #2,&PAIES_L+0         ; [] |43| 
         000032 0000!
     200                    .dwpsn  file "../src/MP_5-2_Template.c",line 44,column 3,is_stmt,isa 0
     201 000034 D3E2          OR.B      #2,&PAIE_L+0          ; [] |44| 
         000036 0000!
     202                    .dwpsn  file "../src/MP_5-2_Template.c",line 45,column 3,is_stmt,isa 0
     203 000038 C3E2          BIC.B     #2,&PAIFG_L+0         ; [] |45| 
         00003a 0000!
     204                    .dwpsn  file "../src/MP_5-2_Template.c",line 47,column 3,is_stmt,isa 0
MSP430 Assembler PC v21.6.0 Fri Apr 29 10:49:17 2022

Copyright (c) 2003-2018 Texas Instruments Incorporated
MP_5-2_Template.asm                                                  PAGE    5

     205 00003c 4303          NOP
     206 00003e D232          BIS.W    #8,SR
     207 000040 4303          NOP      ; [] |47| 
     208            ;* --------------------------------------------------------------------------*
     209            ;*   BEGIN LOOP $C$L1
     210            ;*
     211            ;*   Loop source line                : 50
     212            ;*   Loop closing brace source line  : 50
     213            ;*   Known Minimum Trip Count        : 1
     214            ;*   Known Maximum Trip Count        : 4294967295
     215            ;*   Known Max Trip Count Factor     : 1
     216            ;* --------------------------------------------------------------------------*
     217 000042       $C$L1:    
     218                    .dwpsn  file "../src/MP_5-2_Template.c",line 50,column 3,is_stmt,isa 0
     219 000042 3FFF          JMP       $C$L1                 ; [] |50| 
     220                                                      ; [] |50| 
     221 000044 4303          NOP       ; [] 
     222            ;* --------------------------------------------------------------------------*
     223                    .dwattr $C$DW$14, DW_AT_TI_end_file("../src/MP_5-2_Template.c")
     224                    .dwattr $C$DW$14, DW_AT_TI_end_line(0x33)
     225                    .dwattr $C$DW$14, DW_AT_TI_end_column(0x01)
     226                    .dwendentry
     227                    .dwendtag $C$DW$14
     228            
     229 000000               .sect   ".text:_isr:Port_1_isr"
     230                    .clink
     231                    .global Port_1_isr
     232            
     233            $C$DW$15        .dwtag  DW_TAG_subprogram
     234                    .dwattr $C$DW$15, DW_AT_name("Port_1_isr")
     235                    .dwattr $C$DW$15, DW_AT_low_pc(Port_1_isr)
     236                    .dwattr $C$DW$15, DW_AT_high_pc(0x00)
     237                    .dwattr $C$DW$15, DW_AT_TI_symbol_name("Port_1_isr")
     238                    .dwattr $C$DW$15, DW_AT_external
     239                    .dwattr $C$DW$15, DW_AT_TI_begin_file("../src/MP_5-2_Template.c")
     240                    .dwattr $C$DW$15, DW_AT_TI_begin_line(0x38)
     241                    .dwattr $C$DW$15, DW_AT_TI_begin_column(0x12)
     242                    .dwattr $C$DW$15, DW_AT_decl_file("../src/MP_5-2_Template.c")
     243                    .dwattr $C$DW$15, DW_AT_decl_line(0x38)
     244                    .dwattr $C$DW$15, DW_AT_decl_column(0x12)
     245                    .dwattr $C$DW$15, DW_AT_TI_interrupt
     246                    .dwattr $C$DW$15, DW_AT_TI_max_frame_size(0x04)
     247                    .dwpsn  file "../src/MP_5-2_Template.c",line 57,column 1,is_stmt,address Port_1_isr,isa 0
     248            
     249                    .dwfde $C$DW$CIE, Port_1_isr
     250            
     251            ;*****************************************************************************
     252            ;* FUNCTION NAME: Port_1_isr                                                 *
     253            ;*                                                                           *
     254            ;*   Regs Modified     : SP,SR                                               *
     255            ;*   Regs Used         : SP,SR                                               *
     256            ;*   Local Frame Size  : 0 Args + 0 Auto + 0 Save = 0 byte                   *
     257            ;*****************************************************************************
     258 000000       Port_1_isr:
     259            ;* --------------------------------------------------------------------------*
MSP430 Assembler PC v21.6.0 Fri Apr 29 10:49:17 2022

Copyright (c) 2003-2018 Texas Instruments Incorporated
MP_5-2_Template.asm                                                  PAGE    6

     260                    .dwcfi  cfa_offset, 4
     261                    .dwcfi  save_reg_to_mem, 16, -4
     262                    .dwpsn  file "../src/MP_5-2_Template.c",line 58,column 5,is_stmt,isa 0
     263 000000 C3E2          BIC.B     #2,&PAIFG_L+0         ; [] |58| 
         000002 0000!
     264                    .dwpsn  file "../src/MP_5-2_Template.c",line 60,column 5,is_stmt,isa 0
     265 000004 E3D2          XOR.B     #1,&PAOUT_L+0         ; [] |60| 
         000006 0000!
     266                    .dwpsn  file "../src/MP_5-2_Template.c",line 61,column 1,is_stmt,isa 0
     267            $C$DW$16        .dwtag  DW_TAG_TI_branch
     268                    .dwattr $C$DW$16, DW_AT_low_pc(0x00)
     269                    .dwattr $C$DW$16, DW_AT_TI_return
     270            
     271 000008 1300          RETI      ; [] 
     272                    ; [] 
     273                    .dwattr $C$DW$15, DW_AT_TI_end_file("../src/MP_5-2_Template.c")
     274                    .dwattr $C$DW$15, DW_AT_TI_end_line(0x3d)
     275                    .dwattr $C$DW$15, DW_AT_TI_end_column(0x01)
     276                    .dwendentry
     277                    .dwendtag $C$DW$15
     278            
     279            ;*****************************************************************************
     280            ;* UNDEFINED EXTERNAL REFERENCES                                             *
     281            ;*****************************************************************************
     282                    .global PM5CTL0
     283                    .global PAOUT
     284                    .global PAOUT_L
     285                    .global PADIR
     286                    .global PADIR_L
     287                    .global PAREN_L
     288                    .global PAIES_L
     289                    .global PAIE_L
     290                    .global PAIFG_L
     291                    .global PBOUT
     292                    .global PBDIR
     293                    .global PJOUT
     294                    .global WDTCTL
     295            
     296            ;******************************************************************************
     297            ;* BUILD ATTRIBUTES                                                           *
     298            ;******************************************************************************
     299                    .battr "TI", Tag_File, 1, Tag_PORTS_INIT_INFO("012345678901ABCDEFGHIJ0000000000001100000000000
     300                    .battr "TI", Tag_File, 1, Tag_LEA_INFO(1)
     301                    .battr "TI", Tag_File, 1, Tag_LOCKIO_INFO(2)
     302                    .battr "TI", Tag_File, 1, Tag_WAITSTATE_INFO(2)
     303                    .battr "TI", Tag_File, 1, Tag_HW_MPY32_INFO(2)
     304                    .battr "TI", Tag_File, 1, Tag_HW_MPY_ISR_INFO(1)
     305                    .battr "TI", Tag_File, 1, Tag_HW_MPY_INLINE_INFO(1)
     306                    .battr "mspabi", Tag_File, 1, Tag_enum_size(3)
     307            
     308            ;******************************************************************************
     309            ;* TYPE INFORMATION                                                           *
     310            ;******************************************************************************
     311            $C$DW$T$2       .dwtag  DW_TAG_unspecified_type
     312                    .dwattr $C$DW$T$2, DW_AT_name("void")
MSP430 Assembler PC v21.6.0 Fri Apr 29 10:49:17 2022

Copyright (c) 2003-2018 Texas Instruments Incorporated
MP_5-2_Template.asm                                                  PAGE    7

     313            
     314            
     315            $C$DW$T$20      .dwtag  DW_TAG_subroutine_type
     316                    .dwattr $C$DW$T$20, DW_AT_language(DW_LANG_C)
     317                    .dwendtag $C$DW$T$20
     318            
     319            $C$DW$T$21      .dwtag  DW_TAG_pointer_type
     320                    .dwattr $C$DW$T$21, DW_AT_type(*$C$DW$T$20)
     321                    .dwattr $C$DW$T$21, DW_AT_address_class(0x14)
     322            
     323            $C$DW$T$22      .dwtag  DW_TAG_typedef
     324                    .dwattr $C$DW$T$22, DW_AT_name("__SFR_FARPTR")
     325                    .dwattr $C$DW$T$22, DW_AT_type(*$C$DW$T$21)
     326                    .dwattr $C$DW$T$22, DW_AT_language(DW_LANG_C)
     327                    .dwattr $C$DW$T$22, DW_AT_decl_file("C:\ti\ccs1110\ccs\ccs_base\msp430\include\msp430fr5969.h"
     328                    .dwattr $C$DW$T$22, DW_AT_decl_line(0x4b)
     329                    .dwattr $C$DW$T$22, DW_AT_decl_column(0x11)
     330            
     331            $C$DW$T$4       .dwtag  DW_TAG_base_type
     332                    .dwattr $C$DW$T$4, DW_AT_encoding(DW_ATE_boolean)
     333                    .dwattr $C$DW$T$4, DW_AT_name("bool")
     334                    .dwattr $C$DW$T$4, DW_AT_byte_size(0x01)
     335            
     336            $C$DW$T$5       .dwtag  DW_TAG_base_type
     337                    .dwattr $C$DW$T$5, DW_AT_encoding(DW_ATE_signed_char)
     338                    .dwattr $C$DW$T$5, DW_AT_name("signed char")
     339                    .dwattr $C$DW$T$5, DW_AT_byte_size(0x01)
     340            
     341            $C$DW$T$6       .dwtag  DW_TAG_base_type
     342                    .dwattr $C$DW$T$6, DW_AT_encoding(DW_ATE_unsigned_char)
     343                    .dwattr $C$DW$T$6, DW_AT_name("unsigned char")
     344                    .dwattr $C$DW$T$6, DW_AT_byte_size(0x01)
     345            
     346            $C$DW$17        .dwtag  DW_TAG_TI_far_type
     347                    .dwattr $C$DW$17, DW_AT_type(*$C$DW$T$6)
     348            
     349            $C$DW$T$23      .dwtag  DW_TAG_volatile_type
     350                    .dwattr $C$DW$T$23, DW_AT_type(*$C$DW$17)
     351            
     352            $C$DW$T$7       .dwtag  DW_TAG_base_type
     353                    .dwattr $C$DW$T$7, DW_AT_encoding(DW_ATE_signed_char)
     354                    .dwattr $C$DW$T$7, DW_AT_name("wchar_t")
     355                    .dwattr $C$DW$T$7, DW_AT_byte_size(0x02)
     356            
     357            $C$DW$T$8       .dwtag  DW_TAG_base_type
     358                    .dwattr $C$DW$T$8, DW_AT_encoding(DW_ATE_signed)
     359                    .dwattr $C$DW$T$8, DW_AT_name("short")
     360                    .dwattr $C$DW$T$8, DW_AT_byte_size(0x02)
     361            
     362            $C$DW$T$9       .dwtag  DW_TAG_base_type
     363                    .dwattr $C$DW$T$9, DW_AT_encoding(DW_ATE_unsigned)
     364                    .dwattr $C$DW$T$9, DW_AT_name("unsigned short")
     365                    .dwattr $C$DW$T$9, DW_AT_byte_size(0x02)
     366            
     367            $C$DW$T$10      .dwtag  DW_TAG_base_type
MSP430 Assembler PC v21.6.0 Fri Apr 29 10:49:17 2022

Copyright (c) 2003-2018 Texas Instruments Incorporated
MP_5-2_Template.asm                                                  PAGE    8

     368                    .dwattr $C$DW$T$10, DW_AT_encoding(DW_ATE_signed)
     369                    .dwattr $C$DW$T$10, DW_AT_name("int")
     370                    .dwattr $C$DW$T$10, DW_AT_byte_size(0x02)
     371            
     372            $C$DW$T$11      .dwtag  DW_TAG_base_type
     373                    .dwattr $C$DW$T$11, DW_AT_encoding(DW_ATE_unsigned)
     374                    .dwattr $C$DW$T$11, DW_AT_name("unsigned int")
     375                    .dwattr $C$DW$T$11, DW_AT_byte_size(0x02)
     376            
     377            $C$DW$18        .dwtag  DW_TAG_TI_far_type
     378                    .dwattr $C$DW$18, DW_AT_type(*$C$DW$T$11)
     379            
     380            $C$DW$T$25      .dwtag  DW_TAG_volatile_type
     381                    .dwattr $C$DW$T$25, DW_AT_type(*$C$DW$18)
     382            
     383            $C$DW$T$12      .dwtag  DW_TAG_base_type
     384                    .dwattr $C$DW$T$12, DW_AT_encoding(DW_ATE_signed)
     385                    .dwattr $C$DW$T$12, DW_AT_name("long")
     386                    .dwattr $C$DW$T$12, DW_AT_byte_size(0x04)
     387            
     388            $C$DW$T$13      .dwtag  DW_TAG_base_type
     389                    .dwattr $C$DW$T$13, DW_AT_encoding(DW_ATE_unsigned)
     390                    .dwattr $C$DW$T$13, DW_AT_name("unsigned long")
     391                    .dwattr $C$DW$T$13, DW_AT_byte_size(0x04)
     392            
     393            $C$DW$T$14      .dwtag  DW_TAG_base_type
     394                    .dwattr $C$DW$T$14, DW_AT_encoding(DW_ATE_signed)
     395                    .dwattr $C$DW$T$14, DW_AT_name("long long")
     396                    .dwattr $C$DW$T$14, DW_AT_byte_size(0x08)
     397            
     398            $C$DW$T$15      .dwtag  DW_TAG_base_type
     399                    .dwattr $C$DW$T$15, DW_AT_encoding(DW_ATE_unsigned)
     400                    .dwattr $C$DW$T$15, DW_AT_name("unsigned long long")
     401                    .dwattr $C$DW$T$15, DW_AT_byte_size(0x08)
     402            
     403            $C$DW$T$16      .dwtag  DW_TAG_base_type
     404                    .dwattr $C$DW$T$16, DW_AT_encoding(DW_ATE_float)
     405                    .dwattr $C$DW$T$16, DW_AT_name("float")
     406                    .dwattr $C$DW$T$16, DW_AT_byte_size(0x04)
     407            
     408            $C$DW$T$17      .dwtag  DW_TAG_base_type
     409                    .dwattr $C$DW$T$17, DW_AT_encoding(DW_ATE_float)
     410                    .dwattr $C$DW$T$17, DW_AT_name("double")
     411                    .dwattr $C$DW$T$17, DW_AT_byte_size(0x08)
     412            
     413            $C$DW$T$18      .dwtag  DW_TAG_base_type
     414                    .dwattr $C$DW$T$18, DW_AT_encoding(DW_ATE_float)
     415                    .dwattr $C$DW$T$18, DW_AT_name("long double")
     416                    .dwattr $C$DW$T$18, DW_AT_byte_size(0x08)
     417            
     418                    .dwattr $C$DW$CU, DW_AT_language(DW_LANG_C)
     419            
     420            ;***************************************************************
     421            ;* DWARF CIE ENTRIES                                           *
     422            ;***************************************************************
MSP430 Assembler PC v21.6.0 Fri Apr 29 10:49:17 2022

Copyright (c) 2003-2018 Texas Instruments Incorporated
MP_5-2_Template.asm                                                  PAGE    9

     423            
     424            $C$DW$CIE       .dwcie 16
     425                    .dwcfi  cfa_register, 1
     426                    .dwcfi  cfa_offset, 0
     427                    .dwcfi  same_value, 0
     428                    .dwcfi  same_value, 1
     429                    .dwcfi  same_value, 3
     430                    .dwcfi  same_value, 4
     431                    .dwcfi  same_value, 5
     432                    .dwcfi  same_value, 6
     433                    .dwcfi  same_value, 7
     434                    .dwcfi  same_value, 8
     435                    .dwcfi  same_value, 9
     436                    .dwcfi  same_value, 10
     437                    .dwendentry
     438            
     439            ;***************************************************************
     440            ;* DWARF REGISTER MAP                                          *
     441            ;***************************************************************
     442            
     443            $C$DW$19        .dwtag  DW_TAG_TI_assign_register
     444                    .dwattr $C$DW$19, DW_AT_name("PC")
     445                    .dwattr $C$DW$19, DW_AT_location[DW_OP_reg0]
     446            
     447            $C$DW$20        .dwtag  DW_TAG_TI_assign_register
     448                    .dwattr $C$DW$20, DW_AT_name("SP")
     449                    .dwattr $C$DW$20, DW_AT_location[DW_OP_reg1]
     450            
     451            $C$DW$21        .dwtag  DW_TAG_TI_assign_register
     452                    .dwattr $C$DW$21, DW_AT_name("SR")
     453                    .dwattr $C$DW$21, DW_AT_location[DW_OP_reg2]
     454            
     455            $C$DW$22        .dwtag  DW_TAG_TI_assign_register
     456                    .dwattr $C$DW$22, DW_AT_name("CG")
     457                    .dwattr $C$DW$22, DW_AT_location[DW_OP_reg3]
     458            
     459            $C$DW$23        .dwtag  DW_TAG_TI_assign_register
     460                    .dwattr $C$DW$23, DW_AT_name("r4")
     461                    .dwattr $C$DW$23, DW_AT_location[DW_OP_reg4]
     462            
     463            $C$DW$24        .dwtag  DW_TAG_TI_assign_register
     464                    .dwattr $C$DW$24, DW_AT_name("r5")
     465                    .dwattr $C$DW$24, DW_AT_location[DW_OP_reg5]
     466            
     467            $C$DW$25        .dwtag  DW_TAG_TI_assign_register
     468                    .dwattr $C$DW$25, DW_AT_name("r6")
     469                    .dwattr $C$DW$25, DW_AT_location[DW_OP_reg6]
     470            
     471            $C$DW$26        .dwtag  DW_TAG_TI_assign_register
     472                    .dwattr $C$DW$26, DW_AT_name("r7")
     473                    .dwattr $C$DW$26, DW_AT_location[DW_OP_reg7]
     474            
     475            $C$DW$27        .dwtag  DW_TAG_TI_assign_register
     476                    .dwattr $C$DW$27, DW_AT_name("r8")
     477                    .dwattr $C$DW$27, DW_AT_location[DW_OP_reg8]
MSP430 Assembler PC v21.6.0 Fri Apr 29 10:49:17 2022

Copyright (c) 2003-2018 Texas Instruments Incorporated
MP_5-2_Template.asm                                                  PAGE   10

     478            
     479            $C$DW$28        .dwtag  DW_TAG_TI_assign_register
     480                    .dwattr $C$DW$28, DW_AT_name("r9")
     481                    .dwattr $C$DW$28, DW_AT_location[DW_OP_reg9]
     482            
     483            $C$DW$29        .dwtag  DW_TAG_TI_assign_register
     484                    .dwattr $C$DW$29, DW_AT_name("r10")
     485                    .dwattr $C$DW$29, DW_AT_location[DW_OP_reg10]
     486            
     487            $C$DW$30        .dwtag  DW_TAG_TI_assign_register
     488                    .dwattr $C$DW$30, DW_AT_name("r11")
     489                    .dwattr $C$DW$30, DW_AT_location[DW_OP_reg11]
     490            
     491            $C$DW$31        .dwtag  DW_TAG_TI_assign_register
     492                    .dwattr $C$DW$31, DW_AT_name("r12")
     493                    .dwattr $C$DW$31, DW_AT_location[DW_OP_reg12]
     494            
     495            $C$DW$32        .dwtag  DW_TAG_TI_assign_register
     496                    .dwattr $C$DW$32, DW_AT_name("r13")
     497                    .dwattr $C$DW$32, DW_AT_location[DW_OP_reg13]
     498            
     499            $C$DW$33        .dwtag  DW_TAG_TI_assign_register
     500                    .dwattr $C$DW$33, DW_AT_name("r14")
     501                    .dwattr $C$DW$33, DW_AT_location[DW_OP_reg14]
     502            
     503            $C$DW$34        .dwtag  DW_TAG_TI_assign_register
     504                    .dwattr $C$DW$34, DW_AT_name("r15")
     505                    .dwattr $C$DW$34, DW_AT_location[DW_OP_reg15]
     506            
     507            $C$DW$35        .dwtag  DW_TAG_TI_assign_register
     508                    .dwattr $C$DW$35, DW_AT_name("CIE_RETA")
     509                    .dwattr $C$DW$35, DW_AT_location[DW_OP_reg16]
     510            
     511                    .dwendtag $C$DW$CU
     512            

No Assembly Errors, No Assembly Warnings
