
**** Build of configuration Debug for project ex_c ****

"C:\\ti\\ccs1110\\ccs\\utils\\bin\\gmake" -k -j 8 all -O 
 
Building file: "../TP4_2.c"
Invoking: MSP430 Compiler
"C:/ti/ccs1110/ccs/tools/compiler/ti-cgt-msp430_21.6.0.LTS/bin/cl430" -vmspx --data_model=restricted -Ooff --use_hw_mpy=F5 --include_path="C:/ti/ccs1110/ccs/ccs_base/msp430/include" --include_path="D:/OneDrive - HESSO/COURS/MICROPROCESSEURS/TP/CodeComposerStudio/ex_c" --include_path="C:/ti/ccs1110/ccs/tools/compiler/ti-cgt-msp430_21.6.0.LTS/include" --advice:power=all --advice:hw_config=all --define=__MSP430FR5969__ --define=_MPU_ENABLE -g --printf_support=minimal --diag_warning=225 --diag_wrap=off --display_error_number --silicon_errata=CPU21 --silicon_errata=CPU22 --silicon_errata=CPU40 --preproc_with_compile --preproc_dependency="TP4_2.d_raw"  "../TP4_2.c"
"../TP4_2.c", line 29: remark #1544-D: (ULP 13.1) Detected loop counting up. Recommend loops count down as detecting zeros is easier
"../TP4_2.c", line 31: remark #1527-D: (ULP 2.1) Detected SW delay loop using __delay_cycles. Recommend using a timer module instead
"../TP4_2.c", line 53: remark #1544-D: (ULP 13.1) Detected loop counting up. Recommend loops count down as detecting zeros is easier
"../TP4_2.c", line 55: remark #1530-D: (ULP 5.1) Detected modulo operation(s). Recommend moving them to RAM during run time or not using as these are processing/power intensive
"../TP4_2.c", line 64: remark #1544-D: (ULP 13.1) Detected loop counting up. Recommend loops count down as detecting zeros is easier
"../TP4_2.c", line 79: remark #1530-D: (ULP 5.1) Detected divide operation(s). Recommend moving them to RAM during run time or not using as these are processing/power intensive
"../TP4_2.c", line 82: remark #1544-D: (ULP 13.1) Detected loop counting up. Recommend loops count down as detecting zeros is easier
"../TP4_2.c", line 84: remark #1540-D: (ULP 11.2) Assignment of higher bits (constants) to "PBOUT_H" within a loop. Recommend using lower 4 bits to allow use of constant generators
"../TP4_2.c", line 96: remark #1544-D: (ULP 13.1) Detected loop counting up. Recommend loops count down as detecting zeros is easier
"../TP4_2.c", line 98: remark #2553-D: (ULP 14.1) Array index (involving "loop") of type "int". Recommend using "unsigned int"
"../TP4_2.c", line 101: remark #2553-D: (ULP 14.1) Array index (involving "loop") of type "int". Recommend using "unsigned int"
"../TP4_2.c", line 102: remark #2553-D: (ULP 14.1) Array index (involving "loop") of type "int". Recommend using "unsigned int"
"../TP4_2.c", line 110: remark #1527-D: (ULP 2.1) Detected SW delay loop using empty loop. Recommend using a timer module instead
"../TP4_2.c", line 96: remark #1544-D: (ULP 13.1) Detected loop counting up. Recommend loops count down as detecting zeros is easier
"../TP4_2.c", line 98: remark #2553-D: (ULP 14.1) Array index (involving "loop") of type "int". Recommend using "unsigned int"
"../TP4_2.c", line 101: remark #2553-D: (ULP 14.1) Array index (involving "loop") of type "int". Recommend using "unsigned int"
"../TP4_2.c", line 102: remark #2553-D: (ULP 14.1) Array index (involving "loop") of type "int". Recommend using "unsigned int"
"../TP4_2.c", line 98: remark #2553-D: (ULP 14.1) Array index (involving "loop") of type "int". Recommend using "unsigned int"
"../TP4_2.c", line 101: remark #2553-D: (ULP 14.1) Array index (involving "loop") of type "int". Recommend using "unsigned int"
"../TP4_2.c", line 102: remark #2553-D: (ULP 14.1) Array index (involving "loop") of type "int". Recommend using "unsigned int"
"../TP4_2.c", line 101: remark #2553-D: (ULP 14.1) Array index (involving "loop") of type "int". Recommend using "unsigned int"
"../TP4_2.c", line 102: remark #2553-D: (ULP 14.1) Array index (involving "loop") of type "int". Recommend using "unsigned int"
Finished building: "../TP4_2.c"
 
Building target: "ex_c.out"
Invoking: MSP430 Linker
"C:/ti/ccs1110/ccs/tools/compiler/ti-cgt-msp430_21.6.0.LTS/bin/cl430" -vmspx --data_model=restricted -Ooff --use_hw_mpy=F5 --advice:power=all --advice:hw_config=all --define=__MSP430FR5969__ --define=_MPU_ENABLE -g --printf_support=minimal --diag_warning=225 --diag_wrap=off --display_error_number --silicon_errata=CPU21 --silicon_errata=CPU22 --silicon_errata=CPU40 -z -m"ex_c.map" --heap_size=160 --stack_size=160 --cinit_hold_wdt=on -i"C:/ti/ccs1110/ccs/ccs_base/msp430/include" -i"C:/ti/ccs1110/ccs/ccs_base/msp430/lib/5xx_6xx_FRxx" -i"C:/ti/ccs1110/ccs/ccs_base/msp430/lib/FR59xx" -i"C:/ti/ccs1110/ccs/tools/compiler/ti-cgt-msp430_21.6.0.LTS/lib" -i"C:/ti/ccs1110/ccs/tools/compiler/ti-cgt-msp430_21.6.0.LTS/include" --priority --reread_libs --define=_MPU_ENABLE --diag_wrap=off --display_error_number --warn_sections --xml_link_info="ex_c_linkInfo.xml" --use_hw_mpy=F5 --rom_model -o "ex_c.out" "./TP4_2.obj" "../lnk_msp430fr5969.cmd"  -llibmpu_init.a -llibmath.a -llibc.a 
<Linking>
remark #10371-D: (ULP 1.1) Detected no uses of low power mode state changing instructions
remark #10372-D: (ULP 4.1) Detected uninitialized Port A in this project. Recommend initializing all unused ports to eliminate wasted current consumption on unused pins.
remark #10372-D: (ULP 4.1) Detected uninitialized Port B in this project. Recommend initializing all unused ports to eliminate wasted current consumption on unused pins.
Finished building target: "ex_c.out"
 

**** Build Finished ****
